Arguments: 
  C:\Program Files\nodejs\node.exe C:\Users\canal\AppData\Roaming\npm\node_modules\yarn\bin\yarn.js add @types/node ts-node-dev typescrpit -D

PATH: 
  C:\Program Files\Common Files\Oracle\Java\javapath;C:\Program Files (x86)\Common Files\Oracle\Java\javapath;C:\Windows\system32;C:\Windows;C:\Windows\System32\Wbem;C:\Windows\System32\WindowsPowerShell\v1.0\;C:\Windows\System32\OpenSSH\;C:\Program Files\nodejs\;C:\Program Files\Git\cmd;C:\MinGW\bin;C:\ProgramData\chocolatey\bin;C:\Program Files\MySQL\MySQL Workbench 8.0;;C:\Users\canal\AppData\Local\Programs\Python\Python311\Scripts\;C:\Users\canal\AppData\Local\Programs\Python\Python311\;C:\Users\canal\.console-ninja\.bin;C:\Program Files\MySQL\MySQL Shell 8.0\bin\;C:\Users\canal\AppData\Local\Microsoft\WindowsApps;C:\Users\canal\AppData\Roaming\npm;C:\Users\canal\AppData\Local\Programs\Microsoft VS Code\bin

Yarn version: 
  1.22.19

Node version: 
  18.14.2

Platform: 
  win32 x64

Trace: 
  Error: https://registry.yarnpkg.com/typescrpit: Not found
      at params.callback [as _callback] (C:\Users\canal\AppData\Roaming\npm\node_modules\yarn\lib\cli.js:66145:18)
      at self.callback (C:\Users\canal\AppData\Roaming\npm\node_modules\yarn\lib\cli.js:140890:22)
      at Request.emit (node:events:513:28)
      at Request.<anonymous> (C:\Users\canal\AppData\Roaming\npm\node_modules\yarn\lib\cli.js:141862:10)
      at Request.emit (node:events:513:28)
      at IncomingMessage.<anonymous> (C:\Users\canal\AppData\Roaming\npm\node_modules\yarn\lib\cli.js:141784:12)
      at Object.onceWrapper (node:events:627:28)
      at IncomingMessage.emit (node:events:525:35)
      at endReadableNT (node:internal/streams/readable:1359:12)
      at process.processTicksAndRejections (node:internal/process/task_queues:82:21)

npm manifest: 
  {
    "name": "backend",
    "version": "1.0.0",
    "main": "index.js",
    "license": "MIT",
    "scripts": {
      "dev": "tsnd index.ts"
    },
    "dependencies": {
      "apollo-server": "^3.12.0",
      "class-validator": "^0.14.0",
      "graphql": "^16.6.0",
      "reflect-metadata": "^0.1.13",
      "type-graphql": "^2.0.0-beta.2"
    }
  }

yarn manifest: 
  No manifest

Lockfile: 
  No lockfile
